2026-01-16 15:24:45,286 - INFO - Starting Philadelphia School Report Scraper
2026-01-16 15:24:45,286 - INFO - Fetching school list from spreadsheet (CSV export)...
2026-01-16 15:24:46,408 - INFO - Found 295 schools
2026-01-16 15:24:46,409 - INFO - [1/295] Processing John Bartram High School (ID: 1010)
2026-01-16 15:24:47,497 - INFO - [2/295] Processing West Philadelphia High School (ID: 1020)
2026-01-16 15:24:48,616 - INFO - [3/295] Processing High School of the Future (ID: 1030)
2026-01-16 15:24:49,735 - INFO - [4/295] Processing Paul Robeson High School for Human Services (ID: 1050)
2026-01-16 15:24:51,006 - INFO - [5/295] Processing William L. Sayre High School (ID: 1100)
2026-01-16 15:24:52,149 - INFO - [6/295] Processing William T. Tilden Middle School (ID: 1130)
2026-01-16 15:24:53,388 - INFO - [7/295] Processing Motivation High School (ID: 1190)
2026-01-16 15:24:54,504 - INFO - [8/295] Processing John Barry School (ID: 1200)
2026-01-16 15:24:55,708 - INFO - [9/295] Processing William C. Bryant School (ID: 1230)
2026-01-16 15:24:56,890 - INFO - [10/295] Processing Joseph W. Catharine School (ID: 1250)
2026-01-16 15:24:58,083 - INFO - [11/295] Processing Benjamin B. Comegys School (ID: 1260)
2026-01-16 15:24:59,243 - INFO - [12/295] Processing Sadie T.M. Alexander UPenn Partnership School (ID: 1280)
2026-01-16 15:25:00,571 - INFO - [13/295] Processing Andrew Hamilton School (ID: 1290)
2026-01-16 15:25:01,764 - INFO - [14/295] Processing Avery D. Harrington School (ID: 1300)
2026-01-16 15:25:02,958 - INFO - [15/295] Processing Henry C. Lea School (ID: 1340)
2026-01-16 15:25:04,147 - INFO - [16/295] Processing William C. Longstreth School (ID: 1350)
2026-01-16 15:25:05,308 - INFO - [17/295] Processing Morton McMichael School (ID: 1360)
2026-01-16 15:25:06,520 - INFO - [18/295] Processing S. Weir Mitchell School (ID: 1370)
2026-01-16 15:25:07,715 - INFO - [19/295] Processing Thomas G. Morton School (ID: 1380)
2026-01-16 15:25:08,948 - INFO - [20/295] Processing Samuel Powel School (ID: 1390)
2026-01-16 15:25:10,170 - INFO - [21/295] Processing John M. Patterson School (ID: 1400)
2026-01-16 15:25:11,330 - INFO - [22/295] Processing James Rhoads School (ID: 1410)
2026-01-16 15:25:12,546 - INFO - [23/295] Processing Martha Washington School (ID: 1420)
2026-01-16 15:25:13,738 - INFO - [24/295] Processing Penrose School (ID: 1440)
2026-01-16 15:25:14,922 - INFO - [25/295] Processing Add B. Anderson School (ID: 1460)
2026-01-16 15:25:16,114 - INFO - [26/295] Processing Alain Locke School (ID: 1470)
2026-01-16 15:25:18,150 - INFO - [27/295] Processing Rudolph Blankenburg School (ID: 1490)
2026-01-16 15:25:19,317 - INFO - [28/295] Processing Middle Years Alternative School (ID: 1580)
2026-01-16 15:25:20,453 - INFO - [29/295] Processing South Philadelphia High School (ID: 2000)
2026-01-16 15:25:21,634 - INFO - [30/295] Processing Benjamin Franklin High School (ID: 2010)
2026-01-16 15:25:22,866 - INFO - [31/295] Processing High School for Creative and Performing Arts (ID: 2020)
2026-01-16 15:25:24,076 - INFO - [32/295] Processing Science Leadership Academy Middle School (ID: 2050)
2026-01-16 15:25:25,271 - INFO - [33/295] Processing Julia R. Masterman High School (ID: 2140)
2026-01-16 15:25:26,691 - INFO - [34/295] Processing Horace Furness High School (ID: 2160)
2026-01-16 15:25:27,876 - INFO - [35/295] Processing D. Newlin Fell School (ID: 2190)
2026-01-16 15:25:29,157 - INFO - [36/295] Processing Bache-Martin School (ID: 2210)
2026-01-16 15:25:30,492 - INFO - [37/295] Processing F. Amedee Bregy School (ID: 2240)
2026-01-16 15:25:31,629 - INFO - [38/295] Processing George W. Childs School (ID: 2260)
2026-01-16 15:25:32,862 - INFO - [39/295] Processing Franklin Learning Center (ID: 2290)
2026-01-16 15:25:34,076 - INFO - [40/295] Processing Stephen Girard School (ID: 2320)
2026-01-16 15:25:35,544 - INFO - [41/295] Processing General George A. McCall School (ID: 2340)
2026-01-16 15:25:36,851 - INFO - [42/295] Processing Delaplaine McDaniel School (ID: 2370)
2026-01-16 15:25:38,050 - INFO - [43/295] Processing William M. Meredith School (ID: 2380)
2026-01-16 15:25:39,223 - INFO - [44/295] Processing Robert Morris School (ID: 2390)
2026-01-16 15:25:40,418 - INFO - [45/295] Processing Girard Academic Music Program High School (ID: 2410)
2026-01-16 15:25:41,895 - INFO - [46/295] Processing Edwin M. Stanton School (ID: 2450)
2026-01-16 15:25:43,088 - INFO - [47/295] Processing Albert M. Greenfield School (ID: 2470)
2026-01-16 15:25:44,320 - INFO - [48/295] Processing Marian Anderson Neighborhood Academy (ID: 2480)
2026-01-16 15:25:45,511 - INFO - [49/295] Processing Laura W. Waring School (ID: 2490)
2026-01-16 15:25:46,679 - INFO - [50/295] Processing Fanny Jackson Coppin School (ID: 2510)
2026-01-16 15:25:48,023 - INFO - [51/295] Processing Abram S. Jenks School (ID: 2520)
2026-01-16 15:25:49,195 - INFO - [52/295] Processing Francis S. Key School (ID: 2540)
2026-01-16 15:25:50,388 - INFO - [53/295] Processing Eliza B. Kirkbride School (ID: 2580)
2026-01-16 15:25:51,618 - INFO - [54/295] Processing George W. Nebinger School (ID: 2590)
2026-01-16 15:25:52,842 - INFO - [55/295] Processing Academy at Palumbo (ID: 2620)
2026-01-16 15:25:54,009 - INFO - [56/295] Processing George W. Sharswood School (ID: 2630)
2026-01-16 15:25:55,192 - INFO - [57/295] Processing Southwark School (ID: 2640)
2026-01-16 15:25:56,408 - INFO - [58/295] Processing Science Leadership Academy High School (ID: 2650)
2026-01-16 15:25:57,563 - INFO - [59/295] Processing Constitution High School (ID: 2670)
2026-01-16 15:25:58,694 - INFO - [60/295] Processing The Science Leadership Academy at Beeber High School (ID: 2680)
2026-01-16 15:26:00,112 - INFO - [61/295] Processing John H. Taggart School (ID: 2690)
2026-01-16 15:26:01,346 - INFO - [62/295] Processing Vare-Washington School (ID: 2720)
2026-01-16 15:26:02,500 - INFO - [63/295] Processing Community Academy of Philadelphia Charter School (ID: 3301)
2026-01-16 15:26:03,990 - INFO - [64/295] Processing Harambee Institute of Science and Technology Charter School (ID: 3302)
2026-01-16 15:26:05,164 - INFO - [65/295] Processing Christopher Columbus Charter School (ID: 3306)
2026-01-16 15:26:06,375 - INFO - [66/295] Processing Eugenio Maria De Hostos Charter School (ID: 3307)
2026-01-16 15:26:07,557 - INFO - [67/295] Processing Inquiry Charter School (ID: 3308)
2026-01-16 15:26:08,742 - INFO - [68/295] Processing Imhotep Institute Charter High School (ID: 3309)
2026-01-16 15:26:09,922 - INFO - [69/295] Processing Laboratory Charter School of Communication and Languages (ID: 3310)
2026-01-16 15:26:11,156 - INFO - [70/295] Processing Multicultural Academy Charter School (ID: 3312)
2026-01-16 15:26:12,410 - INFO - [71/295] Processing Preparatory Charter School of Mathematics, Science, Technology and Careers (ID: 3313)
2026-01-16 15:26:13,592 - INFO - [72/295] Processing West Oak Lane Charter School (ID: 3314)
2026-01-16 15:26:14,825 - INFO - [73/295] Processing Alliance For Progress Charter School (ID: 3315)
2026-01-16 15:26:16,008 - INFO - [74/295] Processing Freire Charter School (ID: 3318)
2026-01-16 15:26:17,400 - INFO - [75/295] Processing Philadelphia Academy Charter School (ID: 3322)
2026-01-16 15:26:18,868 - INFO - [76/295] Processing Mastery Charter School at Hardy Williams (ID: 3323)
2026-01-16 15:26:20,374 - INFO - [77/295] Processing Universal Institute Charter School (ID: 3326)
2026-01-16 15:26:21,578 - INFO - [78/295] Processing Mathematics, Science, and Technology Community Charter School (MaST) (ID: 3328)
2026-01-16 15:26:23,066 - INFO - [79/295] Processing Young Scholars Charter School (ID: 3329)
2026-01-16 15:26:24,208 - INFO - [80/295] Processing Franklin Towne Charter High School (ID: 3331)
2026-01-16 15:26:25,379 - INFO - [81/295] Processing Mariana Bracetti Academy Charter School (ID: 3332)
2026-01-16 15:26:26,873 - INFO - [82/295] Processing Esperanza Academy Charter School (ID: 3333)
2026-01-16 15:26:28,316 - INFO - [83/295] Processing New Foundations Charter School (ID: 3334)
2026-01-16 15:26:29,786 - INFO - [84/295] Processing People for People Charter School (ID: 3335)
2026-01-16 15:26:30,962 - INFO - [85/295] Processing Philadelphia Performing Arts Charter School (ID: 3336)
2026-01-16 15:26:32,444 - INFO - [86/295] Processing Global Leadership Academy Charter School (ID: 3337)
2026-01-16 15:26:33,591 - INFO - [87/295] Processing Independence Charter School (ID: 3341)
2026-01-16 15:26:34,788 - INFO - [88/295] Processing KIPP DuBois Charter School (ID: 3353)
2026-01-16 15:26:35,985 - INFO - [89/295] Processing Philadelphia Electrical and Technology Charter High School (ID: 3358)
2026-01-16 15:26:37,151 - INFO - [90/295] Processing Richard Allen Preparatory Charter School (ID: 3359)
2026-01-16 15:26:38,319 - INFO - [91/295] Processing Russell Byers Charter School (ID: 3360)
2026-01-16 15:26:39,520 - INFO - [92/295] Processing Mastery Charter High School (ID: 3361)
2026-01-16 15:26:40,930 - INFO - [93/295] Processing Wissahickon Charter School (ID: 3362)
2026-01-16 15:26:42,096 - INFO - [94/295] Processing First Philadelphia Preparatory Charter School (ID: 3364)
2026-01-16 15:26:43,591 - INFO - [95/295] Processing Green Woods Charter School (ID: 3365)
2026-01-16 15:26:44,775 - INFO - [96/295] Processing Maritime Academy Charter School (ID: 3366)
2026-01-16 15:26:46,200 - INFO - [97/295] Processing Belmont Elementary Charter School (ID: 3368)
2026-01-16 15:26:47,587 - INFO - [98/295] Processing KIPP Philadelphia Charter School (ID: 3370)
2026-01-16 15:26:48,782 - INFO - [99/295] Processing The Jacquelyn Y. Kelley Discovery Charter School (ID: 3372)
2026-01-16 15:26:49,970 - INFO - [100/295] Processing Philadelphia Montessori Charter School (ID: 3378)
2026-01-16 15:26:51,177 - INFO - [101/295] Processing Ad Prima Charter School (ID: 3379)
2026-01-16 15:26:52,381 - INFO - [102/295] Processing Mastery Charter School at Shoemaker (ID: 3383)
2026-01-16 15:26:53,830 - INFO - [103/295] Processing Folk Arts-Cultural Treasures Charter School (ID: 3384)
2026-01-16 15:26:55,072 - INFO - [104/295] Processing Mastery Charter School at Thomas Campus (ID: 3385)
2026-01-16 15:26:56,578 - INFO - [105/295] Processing Northwood Academy Charter School (ID: 3386)
2026-01-16 15:26:57,823 - INFO - [106/295] Processing Boys' Latin of Philadelphia Charter School (ID: 3388)
2026-01-16 15:26:59,231 - INFO - [107/295] Processing Keystone Academy Charter School (ID: 3389)
2026-01-16 15:27:00,548 - INFO - [108/295] Processing Southwest Leadership Academy Charter School (ID: 3392)
2026-01-16 15:27:01,753 - INFO - [109/295] Processing Mastery Charter School at Pickett (ID: 3393)
2026-01-16 15:27:03,155 - INFO - [110/295] Processing Pan American Academy Charter School (ID: 3394)
2026-01-16 15:27:04,356 - INFO - [111/295] Processing Antonia Pantoja Charter School (ID: 3395)
2026-01-16 15:27:05,517 - INFO - [112/295] Processing Sankofa Freedom Academy Charter School (ID: 3399)
2026-01-16 15:27:06,942 - INFO - [113/295] Processing Franklin Towne Charter Elementary School (ID: 3403)
2026-01-16 15:27:08,138 - INFO - [114/295] Processing Tacony Academy Charter School (ID: 3404)
2026-01-16 15:27:09,610 - INFO - [115/295] Processing Mastery Charter School at Harrity (ID: 3407)
2026-01-16 15:27:10,790 - INFO - [116/295] Processing Mastery Charter School at Mann (ID: 3408)
2026-01-16 15:27:12,100 - INFO - [117/295] Processing Mastery Charter School at Smedley (ID: 3409)
2026-01-16 15:27:13,357 - INFO - [118/295] Processing Mastery Charter School at Douglass (ID: 3412)
2026-01-16 15:27:14,554 - INFO - [119/295] Processing Mastery Charter School at Clymer (ID: 3415)
2026-01-16 15:27:15,740 - INFO - [120/295] Processing Mastery Charter School at Gratz (ID: 3416)
2026-01-16 15:27:17,147 - INFO - [121/295] Processing Universal Charter School at Audenried (ID: 3417)
2026-01-16 15:27:18,374 - INFO - [122/295] Processing Universal Charter School at Vare (ID: 3418)
2026-01-16 15:27:19,499 - INFO - [123/295] Processing General David B. Birney Charter School (ID: 3419)
2026-01-16 15:27:20,657 - INFO - [124/295] Processing Mastery Charter School at Cleveland (ID: 3420)
2026-01-16 15:27:21,884 - INFO - [125/295] Processing Universal Charter School at Creighton (ID: 3421)
2026-01-16 15:27:23,105 - INFO - [126/295] Processing The Philadelphia Charter School for Arts and Sciences (ID: 3422)
2026-01-16 15:27:24,307 - INFO - [127/295] Processing Universal Charter School at Alcorn (ID: 3424)
2026-01-16 15:27:25,498 - INFO - [128/295] Processing Mastery Charter School at Pastorius (ID: 3426)
2026-01-16 15:27:26,723 - INFO - [129/295] Processing Mastery Charter School at Wister (ID: 3427)
2026-01-16 15:27:27,975 - INFO - [130/295] Processing Global Leadership Academy Charter School Southwest at Huey (ID: 3428)
2026-01-16 15:27:29,248 - INFO - [131/295] Processing KIPP Octavius Catto Charter School (ID: 3436)
2026-01-16 15:27:30,433 - INFO - [132/295] Processing KIPP North Philadelphia Charter School (ID: 3437)
2026-01-16 15:27:31,710 - INFO - [133/295] Processing Deep Roots Charter School (ID: 3438)
2026-01-16 15:27:33,147 - INFO - [134/295] Processing Mastery Prep Elementary Charter School (ID: 3439)
2026-01-16 15:27:34,463 - INFO - [135/295] Processing MaST Community Charter School II (ID: 3440)
2026-01-16 15:27:36,077 - INFO - [136/295] Processing TECH Freire Charter School (ID: 3441)
2026-01-16 15:27:37,223 - INFO - [137/295] Processing Impact Charter School West (ID: 3442)
2026-01-16 15:27:38,463 - INFO - [138/295] Processing KIPP West Philadelphia Charter School (ID: 3443)
2026-01-16 15:27:39,713 - INFO - [139/295] Processing MAST Community Charter School III (ID: 3445)
2026-01-16 15:27:41,138 - INFO - [140/295] Processing Philadelphia Hebrew Public Charter School (ID: 3446)
2026-01-16 15:27:42,265 - INFO - [141/295] Processing Overbrook High School (ID: 4020)
2026-01-16 15:27:43,394 - INFO - [142/295] Processing Carver High School of Engineering and Science (ID: 4030)
2026-01-16 15:27:44,841 - INFO - [143/295] Processing Murrell Dobbins Career and Technical Education High School (ID: 4060)
2026-01-16 15:27:46,125 - INFO - [144/295] Processing Strawberry Mansion High School (ID: 4140)
2026-01-16 15:27:47,290 - INFO - [145/295] Processing James G. Blaine School (ID: 4220)
2026-01-16 15:27:48,458 - INFO - [146/295] Processing Lewis C. Cassidy Academics Plus School (ID: 4240)
2026-01-16 15:27:49,624 - INFO - [147/295] Processing William Dick School (ID: 4270)
2026-01-16 15:27:50,885 - INFO - [148/295] Processing Samuel Gompers School (ID: 4280)
2026-01-16 15:27:52,063 - INFO - [149/295] Processing Edward Heston School (ID: 4300)
2026-01-16 15:27:53,286 - INFO - [150/295] Processing Robert E. Lamberton School (ID: 4320)
2026-01-16 15:27:54,473 - INFO - [151/295] Processing E. Washington Rhodes School (ID: 4350)
2026-01-16 15:27:55,673 - INFO - [152/295] Processing Kenderton Elementary School (ID: 4360)
2026-01-16 15:27:56,875 - INFO - [153/295] Processing Overbrook Elementary School (ID: 4370)
2026-01-16 15:27:58,060 - INFO - [154/295] Processing Thomas M. Peirce School (ID: 4380)
2026-01-16 15:27:59,204 - INFO - [155/295] Processing Dr. Ethel Allen School (ID: 4440)
2026-01-16 15:28:00,414 - INFO - [156/295] Processing Tanner G. Duckrey School (ID: 4460)
2026-01-16 15:28:01,583 - INFO - [157/295] Processing Richard R. Wright School (ID: 4470)
2026-01-16 15:28:02,849 - INFO - [158/295] Processing Overbrook Educational Center (ID: 4480)
2026-01-16 15:28:04,074 - INFO - [159/295] Processing Guion S. Bluford School (ID: 4520)
2026-01-16 15:28:05,327 - INFO - [160/295] Processing Edward Gideon School (ID: 4530)
2026-01-16 15:28:06,520 - INFO - [161/295] Processing William D. Kelley School (ID: 4560)
2026-01-16 15:28:07,703 - INFO - [162/295] Processing General George G. Meade School (ID: 4570)
2026-01-16 15:28:08,916 - INFO - [163/295] Processing Thomas A. Edison High School (ID: 5020)
2026-01-16 15:28:10,181 - INFO - [164/295] Processing Philadelphia Military Academy (ID: 5050)
2026-01-16 15:28:11,352 - INFO - [165/295] Processing Jules E. Mastbaum Area Vocational Technical High School (ID: 5060)
2026-01-16 15:28:12,582 - INFO - [166/295] Processing Parkway Northwest High School (ID: 5070)
2026-01-16 15:28:13,789 - INFO - [167/295] Processing Parkway Center City Middle College High School (ID: 5080)
2026-01-16 15:28:15,031 - INFO - [168/295] Processing Parkway West High School (ID: 5090)
2026-01-16 15:28:16,316 - INFO - [169/295] Processing William W. Bodine School (ID: 5150)
2026-01-16 15:28:17,577 - INFO - [170/295] Processing Penn Treaty School (ID: 5160)
2026-01-16 15:28:19,065 - INFO - [171/295] Processing Julia de Burgos School (ID: 5170)
2026-01-16 15:28:20,264 - INFO - [172/295] Processing Vaux High School (ID: 5180)
2026-01-16 15:28:21,425 - INFO - [173/295] Processing Alexander Adaire School (ID: 5200)
2026-01-16 15:28:22,621 - INFO - [174/295] Processing Henry A. Brown School (ID: 5210)
2026-01-16 15:28:23,864 - INFO - [175/295] Processing Russell H. Conwell School (ID: 5230)
2026-01-16 15:28:25,014 - INFO - [176/295] Processing Paul L. Dunbar School (ID: 5250)
2026-01-16 15:28:26,268 - INFO - [177/295] Processing Lewis Elkin School (ID: 5260)
2026-01-16 15:28:27,558 - INFO - [178/295] Processing Horatio B. Hackett School (ID: 5300)
2026-01-16 15:28:28,723 - INFO - [179/295] Processing John F. Hartranft School (ID: 5320)
2026-01-16 15:28:29,920 - INFO - [180/295] Processing William H. Hunter School (ID: 5330)
2026-01-16 15:28:31,126 - INFO - [181/295] Processing James R. Ludlow School (ID: 5340)
2026-01-16 15:28:32,280 - INFO - [182/295] Processing William McKinley School (ID: 5350)
2026-01-16 15:28:33,492 - INFO - [183/295] Processing John Moffet School (ID: 5370)
2026-01-16 15:28:34,651 - INFO - [184/295] Processing Potter-Thomas School (ID: 5390)
2026-01-16 15:28:35,924 - INFO - [185/295] Processing Richmond School (ID: 5400)
2026-01-16 15:28:37,183 - INFO - [186/295] Processing Isaac A. Sheppard School (ID: 5410)
2026-01-16 15:28:38,332 - INFO - [187/295] Processing John Welsh School (ID: 5420)
2026-01-16 15:28:39,560 - INFO - [188/295] Processing Alternative Middle Years at James Martin (ID: 5430)
2026-01-16 15:28:40,810 - INFO - [189/295] Processing Frances E. Willard School (ID: 5440)
2026-01-16 15:28:42,037 - INFO - [190/295] Processing William Cramp School (ID: 5470)
2026-01-16 15:28:43,253 - INFO - [191/295] Processing General Philip Kearny School (ID: 5480)
2026-01-16 15:28:44,395 - INFO - [192/295] Processing Cayuga School (ID: 5490)
2026-01-16 15:28:45,580 - INFO - [193/295] Processing Thurgood Marshall School (ID: 5500)
2026-01-16 15:28:46,776 - INFO - [194/295] Processing Kensington High School for Creative and Performing Arts (ID: 5520)
2026-01-16 15:28:47,978 - INFO - [195/295] Processing Gloria Casarez School (ID: 5530)
2026-01-16 15:28:49,183 - INFO - [196/295] Processing Kensington Health Sciences Academy (ID: 5550)
2026-01-16 15:28:50,383 - INFO - [197/295] Processing Spring Garden School (ID: 5560)
2026-01-16 15:28:51,582 - INFO - [198/295] Processing John B. Stetson Middle School (ID: 5580)
2026-01-16 15:28:52,724 - INFO - [199/295] Processing John H. Webster School (ID: 5590)
2026-01-16 15:28:53,958 - INFO - [200/295] Processing Building 21 (ID: 5610)
2026-01-16 15:28:55,234 - INFO - [201/295] Processing The U School (ID: 5620)
2026-01-16 15:28:56,438 - INFO - [202/295] Processing The LINC High School (ID: 5660)
2026-01-16 15:28:57,733 - INFO - [203/295] Processing Honorable Luis Munoz-Marin School (ID: 5680)
2026-01-16 15:28:58,956 - INFO - [204/295] Processing Kensington High School (ID: 5700)
2026-01-16 15:29:00,144 - INFO - [205/295] Processing Central High School (ID: 6010)
2026-01-16 15:29:01,389 - INFO - [206/295] Processing Roxborough High School (ID: 6030)
2026-01-16 15:29:02,661 - INFO - [207/295] Processing Walter B. Saul High School (ID: 6040)
2026-01-16 15:29:03,840 - INFO - [208/295] Processing Philadelphia High School for Girls (ID: 6050)
2026-01-16 15:29:05,065 - INFO - [209/295] Processing Martin Luther King High School (ID: 6060)
2026-01-16 15:29:06,279 - INFO - [210/295] Processing A. Philip Randolph Career and Technical High School (ID: 6090)
2026-01-16 15:29:07,460 - INFO - [211/295] Processing Anna B. Day School (ID: 6200)
2026-01-16 15:29:08,680 - INFO - [212/295] Processing Franklin S. Edmonds School (ID: 6210)
2026-01-16 15:29:09,925 - INFO - [213/295] Processing Eleanor C. Emlen School (ID: 6220)
2026-01-16 15:29:11,101 - INFO - [214/295] Processing Fitler Academics Plus School (ID: 6230)
2026-01-16 15:29:12,310 - INFO - [215/295] Processing Charles W. Henry School (ID: 6250)
2026-01-16 15:29:13,549 - INFO - [216/295] Processing Henry H. Houston School (ID: 6260)
2026-01-16 15:29:14,768 - INFO - [217/295] Processing John S. Jenks Academy for the Arts and Sciences (ID: 6270)
2026-01-16 15:29:15,994 - INFO - [218/295] Processing James Logan School (ID: 6300)
2026-01-16 15:29:17,229 - INFO - [219/295] Processing John F. McCloskey School (ID: 6310)
2026-01-16 15:29:18,431 - INFO - [220/295] Processing Thomas Mifflin School (ID: 6320)
2026-01-16 15:29:19,658 - INFO - [221/295] Processing Joseph Pennell School (ID: 6340)
2026-01-16 15:29:20,885 - INFO - [222/295] Processing Samuel Pennypacker School (ID: 6350)
2026-01-16 15:29:22,080 - INFO - [223/295] Processing Theodore Roosevelt School (ID: 6360)
2026-01-16 15:29:23,298 - INFO - [224/295] Processing Shawmont School (ID: 6380)
2026-01-16 15:29:24,499 - INFO - [225/295] Processing Edward T. Steel School (ID: 6390)
2026-01-16 15:29:25,734 - INFO - [226/295] Processing Cook-Wissahickon School (ID: 6410)
2026-01-16 15:29:27,131 - INFO - [227/295] Processing Anna L. Lingelbach School (ID: 6440)
2026-01-16 15:29:28,300 - INFO - [228/295] Processing James Dobson School (ID: 6450)
2026-01-16 15:29:29,485 - INFO - [229/295] Processing Hill-Freedman World Academy (ID: 6460)
2026-01-16 15:29:30,942 - INFO - [230/295] Processing John B. Kelly School (ID: 6470)
2026-01-16 15:29:32,099 - INFO - [231/295] Processing Academy for the Middle Years at Northwest (ID: 6480)
2026-01-16 15:29:33,267 - INFO - [232/295] Processing Lankenau High School (ID: 6540)
2026-01-16 15:29:34,446 - INFO - [233/295] Processing Frankford High School (ID: 7010)
2026-01-16 15:29:35,769 - INFO - [234/295] Processing Olney High School (ID: 7060)
2026-01-16 15:29:37,011 - INFO - [235/295] Processing Jay Cooke School (ID: 7100)
2026-01-16 15:29:38,213 - INFO - [236/295] Processing Warren G. Harding Middle School (ID: 7110)
2026-01-16 15:29:39,430 - INFO - [237/295] Processing Samuel Fels High School (ID: 7120)
2026-01-16 15:29:40,590 - INFO - [238/295] Processing General Louis Wagner School (ID: 7130)
2026-01-16 15:29:41,754 - INFO - [239/295] Processing Juniata Park Academy (ID: 7150)
2026-01-16 15:29:43,012 - INFO - [240/295] Processing Clara Barton School (ID: 7200)
2026-01-16 15:29:44,128 - INFO - [241/295] Processing Laura H. Carnell School (ID: 7220)
2026-01-16 15:29:45,374 - INFO - [242/295] Processing Ellwood School (ID: 7260)
2026-01-16 15:29:46,617 - INFO - [243/295] Processing Thomas K. Finletter School (ID: 7270)
2026-01-16 15:29:47,863 - INFO - [244/295] Processing Benjamin Franklin Elementary School (ID: 7280)
2026-01-16 15:29:49,092 - INFO - [245/295] Processing Allen M. Stearne School (ID: 7290)
2026-01-16 15:29:50,333 - INFO - [246/295] Processing Francis Hopkinson School (ID: 7300)
2026-01-16 15:29:51,525 - INFO - [247/295] Processing Feltonville Intermediate School (ID: 7310)
2026-01-16 15:29:52,811 - INFO - [248/295] Processing Julia W. Howe School (ID: 7320)
2026-01-16 15:29:54,067 - INFO - [249/295] Processing Henry W. Lawton School (ID: 7330)
2026-01-16 15:29:55,250 - INFO - [250/295] Processing James R. Lowell School (ID: 7350)
2026-01-16 15:29:56,470 - INFO - [251/295] Processing John Marshall School (ID: 7360)
2026-01-16 15:29:57,674 - INFO - [252/295] Processing Grover Washington, Jr. Middle School (ID: 7370)
2026-01-16 15:29:58,858 - INFO - [253/295] Processing Alexander K. McClure School (ID: 7380)
2026-01-16 15:30:00,095 - INFO - [254/295] Processing Andrew J. Morrison School (ID: 7390)
2026-01-16 15:30:01,345 - INFO - [255/295] Processing Olney Elementary School (ID: 7400)
2026-01-16 15:30:02,623 - INFO - [256/295] Processing James J. Sullivan School (ID: 7430)
2026-01-16 15:30:03,875 - INFO - [257/295] Processing Bayard Taylor School (ID: 7440)
2026-01-16 15:30:05,059 - INFO - [258/295] Processing William H. Ziegler School (ID: 7460)
2026-01-16 15:30:06,294 - INFO - [259/295] Processing Bridesburg School (ID: 7470)
2026-01-16 15:30:07,486 - INFO - [260/295] Processing Prince Hall School (ID: 7490)
2026-01-16 15:30:08,631 - INFO - [261/295] Processing Feltonville School of Arts and Sciences (ID: 7500)
2026-01-16 15:30:09,875 - INFO - [262/295] Processing Mary M. Bethune School (ID: 7510)
2026-01-16 15:30:11,101 - INFO - [263/295] Processing William Rowen School (ID: 7530)
2026-01-16 15:30:12,289 - INFO - [264/295] Processing Roberto Clemente School (ID: 7730)
2026-01-16 15:30:13,459 - INFO - [265/295] Processing Abraham Lincoln High School (ID: 8010)
2026-01-16 15:30:14,716 - INFO - [266/295] Processing Northeast High School (ID: 8020)
2026-01-16 15:30:15,936 - INFO - [267/295] Processing George Washington High School (ID: 8030)
2026-01-16 15:30:17,150 - INFO - [268/295] Processing Arts Academy at Rush High School (ID: 8040)
2026-01-16 15:30:18,350 - INFO - [269/295] Processing Swenson Arts and Technology High School (ID: 8090)
2026-01-16 15:30:19,589 - INFO - [270/295] Processing Castor Gardens School (ID: 8120)
2026-01-16 15:30:20,851 - INFO - [271/295] Processing Northeast Community Propel Academy (ID: 8130)
2026-01-16 15:30:22,153 - INFO - [272/295] Processing Charles C.A. Baldi School (ID: 8160)
2026-01-16 15:30:23,341 - INFO - [273/295] Processing Ethan Allen School (ID: 8200)
2026-01-16 15:30:24,576 - INFO - [274/295] Processing Joseph H. Brown School (ID: 8210)
2026-01-16 15:30:25,755 - INFO - [275/295] Processing Kennedy C. Crossan School (ID: 8230)
2026-01-16 15:30:26,991 - INFO - [276/295] Processing Hamilton Disston School (ID: 8240)
2026-01-16 15:30:28,225 - INFO - [277/295] Processing Edwin Forrest School (ID: 8250)
2026-01-16 15:30:29,461 - INFO - [278/295] Processing Fox Chase School (ID: 8260)
2026-01-16 15:30:30,744 - INFO - [279/295] Processing Thomas Holme School (ID: 8270)
2026-01-16 15:30:31,965 - INFO - [280/295] Processing Mayfair School (ID: 8300)
2026-01-16 15:30:33,290 - INFO - [281/295] Processing J. Hampton Moore School (ID: 8310)
2026-01-16 15:30:34,540 - INFO - [282/295] Processing Solomon Solis-Cohen School (ID: 8340)
2026-01-16 15:30:35,791 - INFO - [283/295] Processing Gilbert Spruance School (ID: 8350)
2026-01-16 15:30:37,183 - INFO - [284/295] Processing Rhawnhurst School (ID: 8360)
2026-01-16 15:30:38,483 - INFO - [285/295] Processing Watson Comly School (ID: 8370)
2026-01-16 15:30:39,658 - INFO - [286/295] Processing Louis H. Farrell School (ID: 8380)
2026-01-16 15:30:40,908 - INFO - [287/295] Processing Aloysius L. Fitzpatrick School (ID: 8390)
2026-01-16 15:30:42,183 - INFO - [288/295] Processing Anne Frank School (ID: 8400)
2026-01-16 15:30:43,476 - INFO - [289/295] Processing Robert B. Pollock School (ID: 8410)
2026-01-16 15:30:44,727 - INFO - [290/295] Processing Stephen Decatur School (ID: 8420)
2026-01-16 15:30:46,051 - INFO - [291/295] Processing Joseph Greenberg School (ID: 8430)
2026-01-16 15:30:47,278 - INFO - [292/295] Processing William H. Loesche School (ID: 8440)
2026-01-16 15:30:48,478 - INFO - [293/295] Processing The Workshop High School (ID: 8560)
2026-01-16 15:30:49,618 - INFO - [294/295] Processing Hancock, John Demonstration School (ID: 8770)
2026-01-16 15:30:50,872 - INFO - [295/295] Processing Philadelphia Virtual Academy (ID: 8780)
2026-01-16 15:30:52,241 - INFO - Data saved to philadelphia_school_reports_2324.csv
2026-01-16 15:30:52,241 - INFO - Total schools processed: 295
2026-01-16 15:30:52,241 - INFO - Columns: 34

=== Summary Statistics ===
Total schools: 295
Schools with graduation rate: 73
Average graduation rate: 87.0%
Schools with attendance data: 263
Average student attendance: 61.6%

Output saved to: philadelphia_school_reports_2324.csv
